<?xml version='1.0' encoding='UTF-8'?>
<project>
  <actions/>
  <description></description>
  <keepDependencies>false</keepDependencies>
  <properties>
    <hudson.plugins.heavy__job.HeavyJobProperty plugin="heavy-job@1.1">
      <weight>1</weight>
    </hudson.plugins.heavy__job.HeavyJobProperty>
  </properties>
  <scm class="hudson.scm.NullSCM"/>
  <assignedNode>dockercloud_ubuntu16.04-8192MB</assignedNode>
  <canRoam>false</canRoam>
  <disabled>true</disabled>
  <blockBuildWhenDownstreamBuilding>false</blockBuildWhenDownstreamBuilding>
  <blockBuildWhenUpstreamBuilding>false</blockBuildWhenUpstreamBuilding>
  <triggers>
    <hudson.triggers.TimerTrigger>
      <spec>H 18 * * 2</spec>
    </hudson.triggers.TimerTrigger>
    <hudson.triggers.SCMTrigger>
      <spec>H 18 * * 2</spec>
      <ignorePostCommitHooks>false</ignorePostCommitHooks>
    </hudson.triggers.SCMTrigger>
  </triggers>
  <concurrentBuild>false</concurrentBuild>
  <builders>
    <hudson.tasks.Shell>
      <command>#Set the below parameters manually
package_name=&quot;swift&quot;
published_version=&quot;3.1.1&quot;

#Check distro and available version in repo : rhel7.x, Sles11.x/12.x, Ub16.x/17.x 
. /etc/os-release
if [ $ID == &quot;rhel&quot; ]; then
	available_version=$(sudo yum info $package_name | grep Version | head -1 | cut -d &apos;:&apos; -f 2| cut -d &apos; &apos; -f 2)
elif [ $ID == &quot;sles&quot; ]; then
	available_version=$(sudo zypper info $package_name | grep Version | head -1 | cut -d &apos;:&apos; -f 2| cut -d &apos; &apos; -f 2)
elif [ $ID == &quot;ubuntu&quot; ]; then
	available_version=$(sudo apt-get update &amp;&amp; sudo apt-cache policy $package_name | grep Candidate | head -1 | cut -d &apos; &apos; -f 4)
fi


if [[ $available_version == *&quot;$published_version&quot;* ]]; then
	echo &quot;Version $published_version is already available in repo&quot;
    echo &quot;Exact name: $available_version ... Failing&quot;
    exit 1
else	
   echo &quot;Published version is not available in repo. Going ahead.&quot;     
fi


export Workdir=`pwd`
#Install prerequisites


sudo apt-get -y update
sudo apt-get install -y autoconf libtool git cmake ninja-build python \
    python-dev python3-dev uuid-dev libicu-dev \
    icu-devtools libbsd-dev libedit-dev libxml2-dev \
    libsqlite3-dev swig libpython-dev libncurses5-dev \
    pkg-config libcurl4-openssl-dev tzdata

#Install Blocks runtime library:
cd $Workdir
git clone https://github.com/mackyle/blocksruntime
cd blocksruntime
./buildlib
sudo env prefix=/usr ./installlib
cd ..

#Install Gold Linker
echo `pwd`
sudo apt-get install -y bison flex texinfo
git clone git://sourceware.org/git/binutils-gdb.git
cd binutils-gdb
git checkout tags/binutils-2_27
./configure --prefix=/opt/binutils-2.27 --enable-gold
make
sudo make install

export PATH=/opt/binutils-2.27/bin:$PATH
cd ..

echo `pwd`
#Building LLVM/clang
cd $Workdir
mkdir llvm &amp;&amp; cd llvm
git clone https://github.com/linux-on-ibm-z/llvm.git
cd llvm
git checkout llvm-for-swift-3.1
cd tools
git clone https://github.com/linux-on-ibm-z/clang.git
cd clang
git checkout clang-for-swift-3.1
cd ../../projects
git clone https://github.com/linux-on-ibm-z/compiler-rt.git
cd compiler-rt
git checkout compiler-rt-for-swift-3.1
cd ../..

echo `pwd`
#Run cmake outside the source tree to configure LLVM

cd ..
mkdir build

cd build
cmake -DCMAKE_BUILD_TYPE=Release -DCMAKE_INSTALL_PREFIX=/opt/llvm \
      -DPYTHON_INCLUDE_DIR=/usr/include/python2.7 \
      -DPYTHON_LIBRARY=/usr/lib/python2.7/config-s390x-linux-gnu/libpython2.7.so \
      -DCURSES_INCLUDE_PATH=/usr/include \
      -DCURSES_LIBRARY=/usr/lib/s390x-linux-gnu/libncurses.so \
      -DCURSES_PANEL_LIBRARY=/usr/lib/s390x-linux-gnu/libpanel.so \
      ../llvm

make -j4
make check   # optional
sudo make install # or &quot;sudo make install&quot;
cd ../..
export PATH=/opt/llvm/bin:$PATH


#Building Swift
echo `pwd`
mkdir swift31 &amp;&amp; cd swift31
git clone https://github.com/linux-on-ibm-z/swift.git
cd swift
git checkout swift-3.1.1-RELEASE-s390x
./utils/update-checkout --clone --scheme swift-3.1.1-RELEASE-s390x --config $PWD/utils/update-checkout-config-s390x.json
rm -f ./utils/swift_build_support/__init__.pyc
cd ../swift-corelibs-libdispatch
git submodule init
git submodule update --recursive
cd ../swift



export MYDESTDIR=$HOME/swift/install

 ./utils/build-script -j 2 -r \
 --lldb --foundation --xctest --llbuild --swiftpm --libdispatch -- \
 --verbose-build=1 \
 --install-swift --install-foundation --install-xctest --install-llbuild --install-swiftpm --install-libdispatch --install-lldb \
 --swift-install-components=&apos;autolink-driver;compiler;clang-builtin-headers;stdlib;sdk-overlay;license&apos; \
 --build-swift-static-stdlib=1 \
 --install-prefix=/usr \
 --install-destdir=$MYDESTDIR

#To run the Swift compiler:
export PATH=$MYDESTDIR/usr/bin:/opt/llvm/bin:/opt/binutils-2.26/bin:$PATH
echo `pwd`
echo &apos;print(&quot;Hello World&quot;)&apos; &gt; hello.swift
swiftc -v hello.swift
./hello

#Running Test

#Run unit tests

./utils/build-script -j 2 -r -t 2&gt;&amp;1 | tee $Workdir/testunit

sed -n -e &apos;/Failing Tests/,$p&apos; $Workdir/testunit |  sed -e &apos;/Expected/,$d&apos; | tee $Workdir/generated_failuresunit

echo &quot;Failing Tests (7):
    Swift(linux-s390x) :: stdlib/Runtime.swift.gyb
    Swift(linux-s390x) :: stdlib/StringAPI.swift
    Swift(linux-s390x) :: stdlib/UnsafeRawBufferPointer.swift
    Swift(linux-s390x) :: Runtime/linux-fatal-backtrace.swift
    Swift(linux-s390x) :: Interpreter/enum_resilience.swift
    Swift(linux-s390x) :: stdlib/VarArgs.swift
    Swift(linux-s390x) :: IRGen/objc_simd.sil

 &quot; &gt;$Workdir/expectedfailuresunit
 
 
diff -u --ignore-all-space -B &lt;(sort $Workdir/expectedfailuresunit) &lt;(sort $Workdir/generated_failuresunit)
#Complete validation test suite

./utils/build-script -j 2 -r -T 2&gt;&amp;1 | tee $Workdir/testval 
sed -n -e &apos;/Failing Tests/,$p&apos; $Workdir/testval |  sed -e &apos;/Expected/,$d&apos; | tee $Workdir/generated_failuresval

echo &quot;Failing Tests (10):
    Swift(linux-s390x) :: IRGen/objc_simd.sil
    Swift(linux-s390x) :: stdlib/VarArgs.swift
    Swift(linux-s390x) :: Interpreter/enum_resilience.swift
    Swift(linux-s390x) :: Runtime/linux-fatal-backtrace.swift
    Swift(linux-s390x) :: stdlib/UnsafeRawBufferPointer.swift
    Swift(linux-s390x) :: stdlib/Runtime.swift.gyb
    Swift(linux-s390x) :: stdlib/StringAPI.swift
    Swift(linux-s390x) :: stdlib/SequenceType.swift.gyb
    Swift(linux-s390x) :: stdlib/String.swift
    Swift(linux-s390x) :: Evolution/test_enum_change_size.swift 
    
    &quot;&gt;$Workdir/expectedfailuresval


diff -u --ignore-all-space -B &lt;(sort $Workdir/expectedfailuresval) &lt;(sort $Workdir/generated_failuresval)
#To run tests in Foundation and Swift Package Manager
./utils/build-script -j 2 -r -t \
--lldb --xctest --foundation --llbuild --swiftpm --libdispatch -- \
--verbose-build=1 \
--swift-install-components=&apos;autolink-driver;compiler;clang-builtin-headers;stdlib;sdk-overlay;license&apos; \
--build-swift-static-stdlib=1 \
--install-prefix=/usr \
--skip-test-cmark --skip-test-swift --skip-test-lldb --skip-test-llbuild --skip-test-xctest --skip-test-libdispatch 2&gt;&amp;1 | tee $Workdir/testmang

grep &quot;failed&quot; $Workdir/testmang &gt;&gt; $Workdir/testmangfailed
sed &apos;s/failed.*/failed/&apos; $Workdir/testmangfailed 2&gt;&amp;1 | tee $Workdir/testmangfailed1

echo &quot;TestFoundation/TestNSString.swift:420: error: TestNSString.test_swiftStringUTF16 : XCTAssertTrue failed
Test Case &apos;TestNSString.test_swiftStringUTF16&apos; failed
Test Suite &apos;TestNSString&apos; failed
TestFoundation/TestNSTimeZone.swift:166: error: TestNSTimeZone.test_initializingTimeZoneWithAbbreviation : XCTAssertEqual failed
Test Case &apos;TestNSTimeZone.test_initializingTimeZoneWithAbbreviation&apos; failed
Test Suite &apos;TestNSTimeZone&apos; failed
Test Suite &apos;TestFoundation.xctest&apos; failed
Test Suite &apos;All tests&apos; failed
&quot;&gt;$Workdir/expectedfailuremang
 
diff -u --ignore-all-space -B &lt;(sort $Workdir/expectedfailuremang) &lt;(sort $Workdir/testmangfailed1)</command>
    </hudson.tasks.Shell>
  </builders>
  <publishers>
    <org.jvnet.hudson.plugins.groovypostbuild.GroovyPostbuildRecorder plugin="groovy-postbuild@2.3.1">
      <script plugin="script-security@1.24">
        <script>import jenkins.model.Jenkins

def x=manager.envVars[&apos;NODE_NAME&apos;]
Jenkins.instance.slaves.each {
    if(it.name==x){
it.getComputer().doDoDelete()
    }
}</script>
        <sandbox>false</sandbox>
      </script>
      <behavior>0</behavior>
      <runForMatrixParent>false</runForMatrixParent>
    </org.jvnet.hudson.plugins.groovypostbuild.GroovyPostbuildRecorder>
    <jenkins.plugins.slack.SlackNotifier plugin="slack@2.2">
      <baseUrl></baseUrl>
      <teamDomain></teamDomain>
      <authToken></authToken>
      <authTokenCredentialId></authTokenCredentialId>
      <botUser>false</botUser>
      <room>#loz-jenkins-build,@srajmane</room>
      <startNotification>false</startNotification>
      <notifySuccess>false</notifySuccess>
      <notifyAborted>false</notifyAborted>
      <notifyNotBuilt>false</notifyNotBuilt>
      <notifyUnstable>false</notifyUnstable>
      <notifyRegression>false</notifyRegression>
      <notifyFailure>true</notifyFailure>
      <notifyBackToNormal>true</notifyBackToNormal>
      <notifyRepeatedFailure>true</notifyRepeatedFailure>
      <includeTestSummary>false</includeTestSummary>
      <includeFailedTests>false</includeFailedTests>
      <commitInfoChoice>NONE</commitInfoChoice>
      <includeCustomMessage>false</includeCustomMessage>
      <customMessage></customMessage>
    </jenkins.plugins.slack.SlackNotifier>
  </publishers>
  <buildWrappers/>
</project>